[  0%] Built target rosgraph_msgs_generate_messages_lisp
[  0%] Built target std_msgs_generate_messages_lisp
[  0%] Built target rosgraph_msgs_generate_messages_nodejs
[  0%] Built target std_msgs_generate_messages_eus
[  0%] Built target sensor_msgs_generate_messages_cpp
[  0%] Built target std_msgs_generate_messages_cpp
[  0%] Built target geometry_msgs_generate_messages_cpp
[  0%] Built target geometry_msgs_generate_messages_lisp
[  0%] Built target roscpp_generate_messages_nodejs
[  0%] Built target rosgraph_msgs_generate_messages_cpp
[  0%] Built target rosgraph_msgs_generate_messages_py
[  0%] Built target _visp_hand2eye_calibration_generate_messages_check_deps_compute_effector_camera_quick
[  0%] Built target _visp_hand2eye_calibration_generate_messages_check_deps_TransformArray
[  0%] Built target _visp_hand2eye_calibration_generate_messages_check_deps_compute_effector_camera
[  0%] Built target roscpp_generate_messages_lisp
[  0%] Built target _visp_hand2eye_calibration_generate_messages_check_deps_reset
[  0%] Built target sensor_msgs_generate_messages_py
[  0%] Built target geometry_msgs_generate_messages_py
[  0%] Built target sensor_msgs_generate_messages_nodejs
[  0%] Built target std_msgs_generate_messages_py
[  0%] Built target geometry_msgs_generate_messages_nodejs
[  0%] Built target std_msgs_generate_messages_nodejs
[  0%] Built target image_proc_gencfg
[  0%] Built target geometry_msgs_generate_messages_eus
[  0%] Built target sensor_msgs_generate_messages_lisp
[  0%] Built target roscpp_generate_messages_eus
[  0%] Built target roscpp_generate_messages_cpp
[  0%] Built target sensor_msgs_generate_messages_eus
[  6%] Built target visp_hand2eye_calibration_common
[ 19%] Built target visp_hand2eye_calibration_generate_messages_nodejs
[ 19%] Built target roscpp_generate_messages_py
[ 19%] Built target rosgraph_msgs_generate_messages_eus
[ 38%] Built target visp_hand2eye_calibration_generate_messages_py
[ 51%] Built target visp_hand2eye_calibration_generate_messages_lisp
[ 64%] Built target visp_hand2eye_calibration_generate_messages_cpp
[ 80%] Built target visp_hand2eye_calibration_generate_messages_eus
[ 80%] Built target visp_hand2eye_calibration_gencpp
[ 80%] Built target visp_hand2eye_calibration_generate_messages
[ 93%] Built target visp_hand2eye_calibration_calibrator
[100%] Built target visp_hand2eye_calibration_client
